<?xml version="1.0" encoding="UTF-8"?>
<testng-results skipped="0" failed="0" ignored="0" total="1" passed="1">
  <reporter-output>
  </reporter-output>
  <suite name="Default suite" duration-ms="12940" started-at="2018-08-28T02:53:38Z" finished-at="2018-08-28T02:53:51Z">
    <groups>
    </groups>
    <test name="Default test" duration-ms="12940" started-at="2018-08-28T02:53:38Z" finished-at="2018-08-28T02:53:51Z">
      <class name="concepts.DateTimePicker">
        <test-method status="PASS" signature="preCondition()[pri:0, instance:concepts.DateTimePicker@215be6bb]" name="preCondition" is-config="true" duration-ms="12797" started-at="2018-08-28T08:23:38Z" finished-at="2018-08-28T08:23:51Z">
          <reporter-output>
          </reporter-output>
        </test-method> <!-- preCondition -->
        <test-method status="PASS" signature="f()[pri:0, instance:concepts.DateTimePicker@215be6bb]" name="f" duration-ms="110" started-at="2018-08-28T08:23:51Z" finished-at="2018-08-28T08:23:51Z">
          <reporter-output>
          </reporter-output>
        </test-method> <!-- f -->
      </class> <!-- concepts.DateTimePicker -->
    </test> <!-- Default test -->
  </suite> <!-- Default suite -->
</testng-results>
